<?xml version="1.0" encoding="UTF-8"?>
<Site BuildName="Win32-ninja"
	BuildStamp="20240908-1441-Experimental"
	Name="JEANLEUNG"
	Generator="ctest-3.14.1"
	CompilerName="D:/APPDATA/mingw64/x86_64-7.3.0-release-posix-seh-rt_v5-rev0/mingw64/bin/c++.exe"
	CompilerVersion="7.3.0"
	OSName="Windows"
	Hostname="JEANLEUNG"
	OSRelease=" Personal"
	OSVersion=" (Build 22631)"
	OSPlatform="AMD64"
	Is64Bits="1"
	VendorString="GenuineIntel"
	VendorID="Intel Corporation"
	FamilyID="6"
	ModelID="10"
	ProcessorCacheSize="-1"
	NumberOfLogicalCPU="18"
	NumberOfPhysicalCPU="14"
	TotalVirtualMemory="65333"
	TotalPhysicalMemory="32373"
	LogicalProcessorsPerPhysical="1"
	ProcessorClockFrequency="2995"
	>
	<Testing>
		<StartDateTime>Sep 08 22:45 ?D1[NON-UTF-8-BYTE-0xA8][NON-UTF-8-BYTE-0xB2][NON-UTF-8-BYTE-0xA1][NON-UTF-8-BYTE-0xC0][NON-UTF-8-BYTE-0xA8][NON-UTF-8-BYTE-0xBA][NON-UTF-8-BYTE-0xA1][NON-UTF-8-BYTE-0xC1]?[NON-UTF-8-BYTE-0xA8][NON-UTF-8-BYTE-0xBA][NON-UTF-8-BYTE-0xA1][NON-UTF-8-BYTE-0xC0]??</StartDateTime>
		<StartTestTime>1725806748</StartTestTime>
		<TestList/>
		<EndDateTime>Sep 08 22:45 ?D1[NON-UTF-8-BYTE-0xA8][NON-UTF-8-BYTE-0xB2][NON-UTF-8-BYTE-0xA1][NON-UTF-8-BYTE-0xC0][NON-UTF-8-BYTE-0xA8][NON-UTF-8-BYTE-0xBA][NON-UTF-8-BYTE-0xA1][NON-UTF-8-BYTE-0xC1]?[NON-UTF-8-BYTE-0xA8][NON-UTF-8-BYTE-0xBA][NON-UTF-8-BYTE-0xA1][NON-UTF-8-BYTE-0xC0]??</EndDateTime>
		<EndTestTime>1725806748</EndTestTime>
		<ElapsedMinutes>0</ElapsedMinutes>
	</Testing>
</Site>
